  Using bundled DotNet SDK
  Log file: C:\Users\seanp\AppData\Local\UnrealBuildTool\Log.txt
  Using 'git status' to determine working set for adaptive non-unity build (C:\Users\seanp\Documents\Github\UE5-Q-Learning).
  Waiting for 'git status' command to complete
  Invalidating makefile for QLProjEditor (working set of source files changed)
  Parsing headers for QLProjEditor
    Running UnrealHeaderTool "C:\Users\seanp\Documents\Github\UE5-Q-Learning\QLProj\QLProj.uproject" "C:\Users\seanp\Documents\Github\UE5-Q-Learning\QLProj\Intermediate\Build\Win64\QLProjEditor\Development\QLProjEditor.uhtmanifest" -LogCmds="loginit warning, logexit warning, logdatabase error" -Unattended -WarningsAsErrors -abslog="C:\Users\seanp\AppData\Local\UnrealBuildTool\Log_UHT.txt" -installed
  Reflection code generated for QLProjEditor in 1.8257471 seconds
  Building QLProjEditor...
  Using Visual Studio 2022 14.33.31630 toolchain (C:\Program Files\Microsoft Visual Studio\2022\Community\VC\Tools\MSVC\14.33.31629) and Windows 10.0.19041.0 SDK (C:\Program Files (x86)\Windows Kits\10).
  [Adaptive Build] Excluded from QLProj unity file: Agent.cpp, Goal.cpp
  Determining max actions to execute in parallel (8 physical cores, 16 logical cores)
    Executing up to 8 processes, one per physical core
    Requested 1.5 GB free memory per action, 5.53 GB available: limiting max parallel actions to 3
  Building 7 actions with 3 processes...
  [1/7] Compile Agent.cpp
  [2/7] Compile Goal.gen.cpp
  [3/7] Compile Goal.cpp
  [4/7] Compile Agent.gen.cpp
  [5/7] Link UnrealEditor-QLProj-0007.lib
     Creating library C:\Users\seanp\Documents\Github\UE5-Q-Learning\QLProj\Intermediate\Build\Win64\UnrealEditor\Development\QLProj\UnrealEditor-QLProj-0007.lib and object C:\Users\seanp\Documents\Github\UE5-Q-Learning\QLProj\Intermediate\Build\Win64\UnrealEditor\Development\QLProj\UnrealEditor-QLProj-0007.exp
  [6/7] Link UnrealEditor-QLProj-0007.dll
     Creating library C:\Users\seanp\Documents\Github\UE5-Q-Learning\QLProj\Intermediate\Build\Win64\UnrealEditor\Development\QLProj\UnrealEditor-QLProj-0007.suppressed.lib and object C:\Users\seanp\Documents\Github\UE5-Q-Learning\QLProj\Intermediate\Build\Win64\UnrealEditor\Development\QLProj\UnrealEditor-QLProj-0007.suppressed.exp
  [7/7] WriteMetadata QLProjEditor.target
  Total time in Parallel executor: 14.18 seconds
  Total execution time: 19.15 seconds
