[+] Containers:
 |- [+] Container: /Game/TopDown/Maps/TopDownMap
 |   |- [+] ActorDescs:
 |   |   |- Guid:07810DB5476552C6ECC207B8FBE94500 BaseClass: NativeClass:/Script/Engine.StaticMeshActor Name:StaticMeshActor_UAID_A4AE111137DC5CFB00_1546167071 Label:SM_SkySphere SpatiallyLoaded:0 Bounds:IsValid=true, Min=(X=-1633290.000 Y=-1638400.000 Z=-1638400.000), Max=(X=1643510.000 Y=1638400.000 Z=1638400.000) RuntimeGrid:None EditorOnly:0 RuntimeOnly:0 HLODRelevant:1 ListedInSceneOutliner:1 IsMainWorldOnly:0 FolderPath:Lighting FolderGuid:E13570EE436BA15E35C622BAA5B21164
 |   |   |- Guid:0BE2FDEE4F836E0AE8B1158D3A290AD2 BaseClass:/Game/TopDown/Blueprints/Agent/Agent.Agent_C NativeClass:/Script/Engine.Character Name:Agent_C_UAID_BCE92F7FD37382E001_2068382584 Label:Agent SpatiallyLoaded:1 Bounds:IsValid=true, Min=(X=6086.000 Y=666.000 Z=-0.967), Max=(X=6154.000 Y=734.000 Z=177.514) RuntimeGrid:None EditorOnly:0 RuntimeOnly:0 HLODRelevant:0 ListedInSceneOutliner:1 IsMainWorldOnly:0
 |   |   |- Guid:0EE0E5D1466B2603910C569929142127 BaseClass: NativeClass:/Script/Engine.StaticMeshActor Name:StaticMeshActor_39 Label:SM_Cube5 SpatiallyLoaded:1 Bounds:IsValid=true, Min=(X=5880.000 Y=100.000 Z=0.000), Max=(X=5980.000 Y=3400.000 Z=400.000) RuntimeGrid:None EditorOnly:0 RuntimeOnly:0 HLODRelevant:1 ListedInSceneOutliner:1 IsMainWorldOnly:0 FolderPath:Playground FolderGuid:8746DDAD42A18A3736DBE9BBB77675E5
 |   |   |- Guid:0FEEBBF6441BF72937DE3AAA3858C9C6 BaseClass: NativeClass:/Script/Engine.CameraActor Name:CameraActor_UAID_BCE92F7FD37384E001_1282719938 Label:CameraActor SpatiallyLoaded:1 Bounds:IsValid=true, Min=(X=6720.000 Y=1710.000 Z=1590.000), Max=(X=6720.000 Y=1710.000 Z=1590.000) RuntimeGrid:None EditorOnly:0 RuntimeOnly:0 HLODRelevant:0 ListedInSceneOutliner:1 IsMainWorldOnly:0
 |   |   |- Guid:124EE53143C875A1C4F174B08C31D407 BaseClass: NativeClass:/Script/Engine.SkyAtmosphere Name:SkyAtmosphere_1 Label:SkyAtmosphere SpatiallyLoaded:0 Bounds:IsValid=true, Min=(X=5110.000 Y=0.000 Z=1020.000), Max=(X=5110.000 Y=0.000 Z=1020.000) RuntimeGrid:None EditorOnly:0 RuntimeOnly:0 HLODRelevant:0 ListedInSceneOutliner:1 IsMainWorldOnly:0 FolderPath:Lighting FolderGuid:E13570EE436BA15E35C622BAA5B21164
 |   |   |- Guid:1A013F6D454DDAB5AD8E77B766ED9FAD BaseClass: NativeClass:/Script/Engine.ExponentialHeightFog Name:ExponentialHeightFog_1 Label:ExponentialHeightFog SpatiallyLoaded:0 Bounds:IsValid=true, Min=(X=-490.000 Y=-50.000 Z=-6850.000), Max=(X=-490.000 Y=-50.000 Z=-6850.000) RuntimeGrid:None EditorOnly:0 RuntimeOnly:0 HLODRelevant:0 ListedInSceneOutliner:1 IsMainWorldOnly:0 FolderPath:Lighting FolderGuid:E13570EE436BA15E35C622BAA5B21164
 |   |   |- Guid:1B7D251F4F2F1DF2E62D63A2E13A51BB BaseClass:/Game/TopDown/Blueprints/MyWaypoint.MyWaypoint_C NativeClass:/Script/QLearningSimulation.Waypoint Name:MyWaypoint_C_UAID_BCE92F7FD37387E001_1617045480 Label:MyWaypoint10 SpatiallyLoaded:1 Bounds:IsValid=true, Min=(X=6673.356 Y=2742.785 Z=0.000), Max=(X=6673.356 Y=2742.785 Z=0.000) RuntimeGrid:None EditorOnly:0 RuntimeOnly:0 HLODRelevant:0 ListedInSceneOutliner:1 IsMainWorldOnly:0 FolderPath:Waypoints FolderGuid:454B95454C5F6565798016BE1BBB0E3D
 |   |   |- Guid:20BCA97640857441FE4D28B054684C07 BaseClass: NativeClass:/Script/Engine.StaticMeshActor Name:StaticMeshActor_40 Label:SM_Cube6 SpatiallyLoaded:1 Bounds:IsValid=true, Min=(X=7380.000 Y=100.000 Z=0.000), Max=(X=7480.000 Y=3400.000 Z=400.000) RuntimeGrid:None EditorOnly:0 RuntimeOnly:0 HLODRelevant:1 ListedInSceneOutliner:1 IsMainWorldOnly:0 FolderPath:Playground FolderGuid:8746DDAD42A18A3736DBE9BBB77675E5
 |   |   |- Guid:3AA00CC7473B3AB860032482C86F1357 BaseClass: NativeClass:/Script/Engine.SkyLight Name:SkyLight_1 Label:SkyLight SpatiallyLoaded:0 Bounds:IsValid=true, Min=(X=5110.000 Y=0.000 Z=690.000), Max=(X=5110.000 Y=0.000 Z=690.000) RuntimeGrid:None EditorOnly:0 RuntimeOnly:0 HLODRelevant:0 ListedInSceneOutliner:1 IsMainWorldOnly:0 FolderPath:Lighting FolderGuid:E13570EE436BA15E35C622BAA5B21164
 |   |   |- Guid:455327B04C290F52D56DDDB287951662 BaseClass:/Game/TopDown/Blueprints/MyWaypoint.MyWaypoint_C NativeClass:/Script/QLearningSimulation.Waypoint Name:MyWaypoint_C_UAID_BCE92F7FD37387E001_1688985495 Label:MyWaypoint15 SpatiallyLoaded:1 Bounds:IsValid=true, Min=(X=7176.388 Y=2739.701 Z=0.000), Max=(X=7176.388 Y=2739.701 Z=0.000) RuntimeGrid:None EditorOnly:0 RuntimeOnly:0 HLODRelevant:0 ListedInSceneOutliner:1 IsMainWorldOnly:0 FolderPath:Waypoints FolderGuid:454B95454C5F6565798016BE1BBB0E3D
 |   |   |- Guid:490C4D804539A08148BF1CB31892676D BaseClass:/Game/TopDown/Blueprints/MyWaypoint.MyWaypoint_C NativeClass:/Script/QLearningSimulation.Waypoint Name:MyWaypoint_C_UAID_BCE92F7FD37385E001_1726902117 Label:MyWaypoint SpatiallyLoaded:1 Bounds:IsValid=true, Min=(X=6184.722 Y=591.948 Z=0.000), Max=(X=6184.722 Y=591.948 Z=0.000) RuntimeGrid:None EditorOnly:0 RuntimeOnly:0 HLODRelevant:0 ListedInSceneOutliner:1 IsMainWorldOnly:0 FolderPath:Waypoints FolderGuid:454B95454C5F6565798016BE1BBB0E3D
 |   |   |- Guid:4E1658284B308438492EAC8E2ABFE80B BaseClass:/Game/TopDown/Blueprints/MyWaypoint.MyWaypoint_C NativeClass:/Script/QLearningSimulation.Waypoint Name:MyWaypoint_C_UAID_BCE92F7FD37387E001_1688968491 Label:MyWaypoint11 SpatiallyLoaded:1 Bounds:IsValid=true, Min=(X=7176.388 Y=591.948 Z=0.000), Max=(X=7176.388 Y=591.948 Z=0.000) RuntimeGrid:None EditorOnly:0 RuntimeOnly:0 HLODRelevant:0 ListedInSceneOutliner:1 IsMainWorldOnly:0 FolderPath:Waypoints FolderGuid:454B95454C5F6565798016BE1BBB0E3D
 |   |   |- Guid:505B4ED943FA99164AF46CAED7EC7B12 BaseClass: NativeClass:/Script/Engine.StaticMeshActor Name:StaticMeshActor_34 Label:SM_Cube SpatiallyLoaded:1 Bounds:IsValid=true, Min=(X=5110.000 Y=0.000 Z=-50.000), Max=(X=8110.000 Y=3500.000 Z=0.000) RuntimeGrid:None EditorOnly:0 RuntimeOnly:0 HLODRelevant:1 ListedInSceneOutliner:1 IsMainWorldOnly:0 FolderPath:Playground FolderGuid:8746DDAD42A18A3736DBE9BBB77675E5
 |   |   |- Guid:5A3C67CF4E64D028230A45911F4D17DB BaseClass:/Game/TopDown/Blueprints/MyWaypoint.MyWaypoint_C NativeClass:/Script/QLearningSimulation.Waypoint Name:MyWaypoint_C_UAID_BCE92F7FD37387E001_1617038477 Label:MyWaypoint7 SpatiallyLoaded:1 Bounds:IsValid=true, Min=(X=6673.356 Y=1087.092 Z=0.000), Max=(X=6673.356 Y=1087.092 Z=0.000) RuntimeGrid:None EditorOnly:0 RuntimeOnly:0 HLODRelevant:0 ListedInSceneOutliner:1 IsMainWorldOnly:0 FolderPath:Waypoints FolderGuid:454B95454C5F6565798016BE1BBB0E3D
 |   |   |- Guid:6CFE69CB41732F0CDEB04A85666FA67E BaseClass: NativeClass:/Script/Engine.WorldDataLayers Name:WorldDataLayers Label:WorldDataLayers-1 SpatiallyLoaded:0 Bounds:Invalid RuntimeGrid:None EditorOnly:0 RuntimeOnly:0 HLODRelevant:0 ListedInSceneOutliner:1 IsMainWorldOnly:1
 |   |   |- Guid:724B73F5478027C55D21E48FE99CF1E1 BaseClass:/Game/TopDown/Blueprints/MyWaypoint.MyWaypoint_C NativeClass:/Script/QLearningSimulation.Waypoint Name:MyWaypoint_C_UAID_BCE92F7FD37385E001_1886512120 Label:MyWaypoint2 SpatiallyLoaded:1 Bounds:IsValid=true, Min=(X=6184.722 Y=1087.092 Z=0.000), Max=(X=6184.722 Y=1087.092 Z=0.000) RuntimeGrid:None EditorOnly:0 RuntimeOnly:0 HLODRelevant:0 ListedInSceneOutliner:1 IsMainWorldOnly:0 FolderPath:Waypoints FolderGuid:454B95454C5F6565798016BE1BBB0E3D
 |   |   |- Guid:77AFEA2C4A4B03799B13FEB5CB82F8A5 BaseClass:/Game/TopDown/Blueprints/MyWaypoint.MyWaypoint_C NativeClass:/Script/QLearningSimulation.Waypoint Name:MyWaypoint_C_UAID_BCE92F7FD37387E001_1588331475 Label:MyWaypoint5 SpatiallyLoaded:1 Bounds:IsValid=true, Min=(X=6184.722 Y=2742.785 Z=0.000), Max=(X=6184.722 Y=2742.785 Z=0.000) RuntimeGrid:None EditorOnly:0 RuntimeOnly:0 HLODRelevant:0 ListedInSceneOutliner:1 IsMainWorldOnly:0 FolderPath:Waypoints FolderGuid:454B95454C5F6565798016BE1BBB0E3D
 |   |   |- Guid:89E324BD494BD14B7A4AFB9ED22CC1BE BaseClass:/Game/TopDown/Blueprints/MyWaypoint.MyWaypoint_C NativeClass:/Script/QLearningSimulation.Waypoint Name:MyWaypoint_C_UAID_BCE92F7FD37387E001_1617042479 Label:MyWaypoint9 SpatiallyLoaded:1 Bounds:IsValid=true, Min=(X=6673.356 Y=2184.313 Z=0.000), Max=(X=6673.356 Y=2184.313 Z=0.000) RuntimeGrid:None EditorOnly:0 RuntimeOnly:0 HLODRelevant:0 ListedInSceneOutliner:1 IsMainWorldOnly:0 FolderPath:Waypoints FolderGuid:454B95454C5F6565798016BE1BBB0E3D
 |   |   |- Guid:8A61AAB246A7E146FBD61995FC470419 BaseClass:/Game/TopDown/Blueprints/MyWaypoint.MyWaypoint_C NativeClass:/Script/QLearningSimulation.Waypoint Name:MyWaypoint_C_UAID_BCE92F7FD37387E001_1574381474 Label:MyWaypoint4 SpatiallyLoaded:1 Bounds:IsValid=true, Min=(X=6184.722 Y=2184.313 Z=0.000), Max=(X=6184.722 Y=2184.313 Z=0.000) RuntimeGrid:None EditorOnly:0 RuntimeOnly:0 HLODRelevant:0 ListedInSceneOutliner:1 IsMainWorldOnly:0 FolderPath:Waypoints FolderGuid:454B95454C5F6565798016BE1BBB0E3D
 |   |   |- Guid:8AA94E724D5986C9011A408FACE87279 BaseClass:/Game/TopDown/Blueprints/MyWaypoint.MyWaypoint_C NativeClass:/Script/QLearningSimulation.Waypoint Name:MyWaypoint_C_UAID_BCE92F7FD37387E001_1617035476 Label:MyWaypoint6 SpatiallyLoaded:1 Bounds:IsValid=true, Min=(X=6673.356 Y=591.948 Z=0.000), Max=(X=6673.356 Y=591.948 Z=0.000) RuntimeGrid:None EditorOnly:0 RuntimeOnly:0 HLODRelevant:0 ListedInSceneOutliner:1 IsMainWorldOnly:0 FolderPath:Waypoints FolderGuid:454B95454C5F6565798016BE1BBB0E3D
 |   |   |- Guid:8C530F6C4B31B994179261B7E19EDCD6 BaseClass:/Game/TopDown/Blueprints/MyWaypoint.MyWaypoint_C NativeClass:/Script/QLearningSimulation.Waypoint Name:MyWaypoint_C_UAID_BCE92F7FD37387E001_1688981493 Label:MyWaypoint13 SpatiallyLoaded:1 Bounds:IsValid=true, Min=(X=7176.388 Y=1630.268 Z=0.000), Max=(X=7176.388 Y=1630.268 Z=0.000) RuntimeGrid:None EditorOnly:0 RuntimeOnly:0 HLODRelevant:0 ListedInSceneOutliner:1 IsMainWorldOnly:0 FolderPath:Waypoints FolderGuid:454B95454C5F6565798016BE1BBB0E3D
 |   |   |- Guid:963169944433A544D75FF79A1B9FC159 BaseClass: NativeClass:/Script/NavigationSystem.NavMeshBoundsVolume Name:NavMeshBoundsVolume_1 Label:NavMeshBoundsVolume SpatiallyLoaded:0 Bounds:IsValid=true, Min=(X=5010.000 Y=-100.000 Z=-110.000), Max=(X=8210.000 Y=3600.000 Z=390.000) RuntimeGrid:None EditorOnly:0 RuntimeOnly:0 HLODRelevant:0 ListedInSceneOutliner:1 IsMainWorldOnly:0 FolderPath:Navigation FolderGuid:5FBB7B1041A3902AEFBB4E87AA1D500F
 |   |   |- Guid:A45756D6495C3CBE8AA73EAD039CE983 BaseClass: NativeClass:/Script/Engine.StaticMeshActor Name:StaticMeshActor_35 Label:SM_Cube2 SpatiallyLoaded:1 Bounds:IsValid=true, Min=(X=5110.000 Y=380.000 Z=0.000), Max=(X=8110.000 Y=480.000 Z=400.000) RuntimeGrid:None EditorOnly:0 RuntimeOnly:0 HLODRelevant:1 ListedInSceneOutliner:1 IsMainWorldOnly:0 FolderPath:Playground FolderGuid:8746DDAD42A18A3736DBE9BBB77675E5
 |   |   |- Guid:A9D8B7064C547B1420056C863FB9AFF3 BaseClass:/Game/TopDown/Blueprints/MyWaypoint.MyWaypoint_C NativeClass:/Script/QLearningSimulation.Waypoint Name:MyWaypoint_C_UAID_BCE92F7FD37387E001_1688983494 Label:MyWaypoint14 SpatiallyLoaded:1 Bounds:IsValid=true, Min=(X=7176.388 Y=2184.313 Z=0.000), Max=(X=7176.388 Y=2184.313 Z=0.000) RuntimeGrid:None EditorOnly:0 RuntimeOnly:0 HLODRelevant:0 ListedInSceneOutliner:1 IsMainWorldOnly:0 FolderPath:Waypoints FolderGuid:454B95454C5F6565798016BE1BBB0E3D
 |   |   |- Guid:BC9F05DA4F26FE20B8ADBEAC803D9E07 BaseClass: NativeClass:/Script/Engine.PostProcessVolume Name:PostProcessVolume_1 Label:PostProcessVolume SpatiallyLoaded:0 Bounds:IsValid=true, Min=(X=5110.000 Y=0.000 Z=400.000), Max=(X=5310.000 Y=200.000 Z=600.000) RuntimeGrid:None EditorOnly:0 RuntimeOnly:0 HLODRelevant:0 ListedInSceneOutliner:1 IsMainWorldOnly:0 FolderPath:Lighting FolderGuid:E13570EE436BA15E35C622BAA5B21164
 |   |   |- Guid:C1F343BF47546FC406FC86B4815E25C6 BaseClass: NativeClass:/Script/Engine.DirectionalLight Name:DirectionalLight_1 Label:DirectionalLight SpatiallyLoaded:0 Bounds:IsValid=true, Min=(X=-4398046511104.000 Y=-4398046511104.000 Z=-4398046511104.000), Max=(X=4398046511104.000 Y=4398046511104.000 Z=4398046511104.000) RuntimeGrid:None EditorOnly:0 RuntimeOnly:0 HLODRelevant:0 ListedInSceneOutliner:1 IsMainWorldOnly:0 FolderPath:Lighting FolderGuid:E13570EE436BA15E35C622BAA5B21164
 |   |   |- Guid:CAAA37F843DDDD4C0CFF3094D80929B5 BaseClass:/Game/TopDown/Blueprints/MyWaypoint.MyWaypoint_C NativeClass:/Script/QLearningSimulation.Waypoint Name:MyWaypoint_C_UAID_BCE92F7FD37387E001_1688979492 Label:MyWaypoint12 SpatiallyLoaded:1 Bounds:IsValid=true, Min=(X=7176.388 Y=1087.092 Z=0.000), Max=(X=7176.388 Y=1087.092 Z=0.000) RuntimeGrid:None EditorOnly:0 RuntimeOnly:0 HLODRelevant:0 ListedInSceneOutliner:1 IsMainWorldOnly:0 FolderPath:Waypoints FolderGuid:454B95454C5F6565798016BE1BBB0E3D
 |   |   |- Guid:E2028E3A4C3FFD53645355A58BAAD03D BaseClass:/Game/TopDown/Blueprints/MyWaypoint.MyWaypoint_C NativeClass:/Script/QLearningSimulation.Waypoint Name:MyWaypoint_C_UAID_BCE92F7FD37387E001_1520688473 Label:MyWaypoint3 SpatiallyLoaded:1 Bounds:IsValid=true, Min=(X=6184.722 Y=1630.268 Z=0.000), Max=(X=6184.722 Y=1630.268 Z=0.000) RuntimeGrid:None EditorOnly:0 RuntimeOnly:0 HLODRelevant:0 ListedInSceneOutliner:1 IsMainWorldOnly:0 FolderPath:Waypoints FolderGuid:454B95454C5F6565798016BE1BBB0E3D
 |   |   |- Guid:E92B029A43F3DD683C1B2481BF7B68DE BaseClass: NativeClass:/Script/Engine.VolumetricCloud Name:VolumetricCloud_1 Label:VolumetricCloud SpatiallyLoaded:0 Bounds:IsValid=true, Min=(X=5110.000 Y=0.000 Z=820.000), Max=(X=5110.000 Y=0.000 Z=820.000) RuntimeGrid:None EditorOnly:0 RuntimeOnly:0 HLODRelevant:0 ListedInSceneOutliner:1 IsMainWorldOnly:0 FolderPath:Lighting FolderGuid:E13570EE436BA15E35C622BAA5B21164
 |   |   |- Guid:F53E2FCE400B950C106F0494276BB7F0 BaseClass:/Game/TopDown/Blueprints/MyWaypoint.MyWaypoint_C NativeClass:/Script/QLearningSimulation.Waypoint Name:MyWaypoint_C_UAID_BCE92F7FD37387E001_1617040478 Label:MyWaypoint8 SpatiallyLoaded:1 Bounds:IsValid=true, Min=(X=6673.356 Y=1630.268 Z=0.000), Max=(X=6673.356 Y=1630.268 Z=0.000) RuntimeGrid:None EditorOnly:0 RuntimeOnly:0 HLODRelevant:0 ListedInSceneOutliner:1 IsMainWorldOnly:0 FolderPath:Waypoints FolderGuid:454B95454C5F6565798016BE1BBB0E3D
 |   |   |- Guid:FE4F9F4044D3F2F9C3F6629B135091C3 BaseClass: NativeClass:/Script/Engine.StaticMeshActor Name:StaticMeshActor_36 Label:SM_Cube3 SpatiallyLoaded:1 Bounds:IsValid=true, Min=(X=5110.000 Y=2960.000 Z=0.000), Max=(X=8110.000 Y=3060.000 Z=400.000) RuntimeGrid:None EditorOnly:0 RuntimeOnly:0 HLODRelevant:1 ListedInSceneOutliner:1 IsMainWorldOnly:0 FolderPath:Playground FolderGuid:8746DDAD42A18A3736DBE9BBB77675E5
 |   |- [+] Clusters:
 |   |   |- [+] [  0]
 |   |   |   |- Guid:07810DB5476552C6ECC207B8FBE94500 BaseClass: NativeClass:/Script/Engine.StaticMeshActor Name:StaticMeshActor_UAID_A4AE111137DC5CFB00_1546167071 Label:SM_SkySphere SpatiallyLoaded:0 Bounds:IsValid=true, Min=(X=-1633290.000 Y=-1638400.000 Z=-1638400.000), Max=(X=1643510.000 Y=1638400.000 Z=1638400.000) RuntimeGrid:None EditorOnly:0 RuntimeOnly:0 HLODRelevant:1 ListedInSceneOutliner:1 IsMainWorldOnly:0 FolderPath:Lighting FolderGuid:E13570EE436BA15E35C622BAA5B21164
 |   |   |- [+] [  1]
 |   |   |   |- Guid:0BE2FDEE4F836E0AE8B1158D3A290AD2 BaseClass:/Game/TopDown/Blueprints/Agent/Agent.Agent_C NativeClass:/Script/Engine.Character Name:Agent_C_UAID_BCE92F7FD37382E001_2068382584 Label:Agent SpatiallyLoaded:1 Bounds:IsValid=true, Min=(X=6086.000 Y=666.000 Z=-0.967), Max=(X=6154.000 Y=734.000 Z=177.514) RuntimeGrid:None EditorOnly:0 RuntimeOnly:0 HLODRelevant:0 ListedInSceneOutliner:1 IsMainWorldOnly:0
 |   |   |- [+] [  2]
 |   |   |   |- Guid:0EE0E5D1466B2603910C569929142127 BaseClass: NativeClass:/Script/Engine.StaticMeshActor Name:StaticMeshActor_39 Label:SM_Cube5 SpatiallyLoaded:1 Bounds:IsValid=true, Min=(X=5880.000 Y=100.000 Z=0.000), Max=(X=5980.000 Y=3400.000 Z=400.000) RuntimeGrid:None EditorOnly:0 RuntimeOnly:0 HLODRelevant:1 ListedInSceneOutliner:1 IsMainWorldOnly:0 FolderPath:Playground FolderGuid:8746DDAD42A18A3736DBE9BBB77675E5
 |   |   |- [+] [  3]
 |   |   |   |- Guid:0FEEBBF6441BF72937DE3AAA3858C9C6 BaseClass: NativeClass:/Script/Engine.CameraActor Name:CameraActor_UAID_BCE92F7FD37384E001_1282719938 Label:CameraActor SpatiallyLoaded:1 Bounds:IsValid=true, Min=(X=6720.000 Y=1710.000 Z=1590.000), Max=(X=6720.000 Y=1710.000 Z=1590.000) RuntimeGrid:None EditorOnly:0 RuntimeOnly:0 HLODRelevant:0 ListedInSceneOutliner:1 IsMainWorldOnly:0
 |   |   |- [+] [  4]
 |   |   |   |- Guid:124EE53143C875A1C4F174B08C31D407 BaseClass: NativeClass:/Script/Engine.SkyAtmosphere Name:SkyAtmosphere_1 Label:SkyAtmosphere SpatiallyLoaded:0 Bounds:IsValid=true, Min=(X=5110.000 Y=0.000 Z=1020.000), Max=(X=5110.000 Y=0.000 Z=1020.000) RuntimeGrid:None EditorOnly:0 RuntimeOnly:0 HLODRelevant:0 ListedInSceneOutliner:1 IsMainWorldOnly:0 FolderPath:Lighting FolderGuid:E13570EE436BA15E35C622BAA5B21164
 |   |   |- [+] [  5]
 |   |   |   |- Guid:1A013F6D454DDAB5AD8E77B766ED9FAD BaseClass: NativeClass:/Script/Engine.ExponentialHeightFog Name:ExponentialHeightFog_1 Label:ExponentialHeightFog SpatiallyLoaded:0 Bounds:IsValid=true, Min=(X=-490.000 Y=-50.000 Z=-6850.000), Max=(X=-490.000 Y=-50.000 Z=-6850.000) RuntimeGrid:None EditorOnly:0 RuntimeOnly:0 HLODRelevant:0 ListedInSceneOutliner:1 IsMainWorldOnly:0 FolderPath:Lighting FolderGuid:E13570EE436BA15E35C622BAA5B21164
 |   |   |- [+] [  6]
 |   |   |   |- Guid:1B7D251F4F2F1DF2E62D63A2E13A51BB BaseClass:/Game/TopDown/Blueprints/MyWaypoint.MyWaypoint_C NativeClass:/Script/QLearningSimulation.Waypoint Name:MyWaypoint_C_UAID_BCE92F7FD37387E001_1617045480 Label:MyWaypoint10 SpatiallyLoaded:1 Bounds:IsValid=true, Min=(X=6673.356 Y=2742.785 Z=0.000), Max=(X=6673.356 Y=2742.785 Z=0.000) RuntimeGrid:None EditorOnly:0 RuntimeOnly:0 HLODRelevant:0 ListedInSceneOutliner:1 IsMainWorldOnly:0 FolderPath:Waypoints FolderGuid:454B95454C5F6565798016BE1BBB0E3D
 |   |   |- [+] [  7]
 |   |   |   |- Guid:20BCA97640857441FE4D28B054684C07 BaseClass: NativeClass:/Script/Engine.StaticMeshActor Name:StaticMeshActor_40 Label:SM_Cube6 SpatiallyLoaded:1 Bounds:IsValid=true, Min=(X=7380.000 Y=100.000 Z=0.000), Max=(X=7480.000 Y=3400.000 Z=400.000) RuntimeGrid:None EditorOnly:0 RuntimeOnly:0 HLODRelevant:1 ListedInSceneOutliner:1 IsMainWorldOnly:0 FolderPath:Playground FolderGuid:8746DDAD42A18A3736DBE9BBB77675E5
 |   |   |- [+] [  8]
 |   |   |   |- Guid:3AA00CC7473B3AB860032482C86F1357 BaseClass: NativeClass:/Script/Engine.SkyLight Name:SkyLight_1 Label:SkyLight SpatiallyLoaded:0 Bounds:IsValid=true, Min=(X=5110.000 Y=0.000 Z=690.000), Max=(X=5110.000 Y=0.000 Z=690.000) RuntimeGrid:None EditorOnly:0 RuntimeOnly:0 HLODRelevant:0 ListedInSceneOutliner:1 IsMainWorldOnly:0 FolderPath:Lighting FolderGuid:E13570EE436BA15E35C622BAA5B21164
 |   |   |- [+] [  9]
 |   |   |   |- Guid:455327B04C290F52D56DDDB287951662 BaseClass:/Game/TopDown/Blueprints/MyWaypoint.MyWaypoint_C NativeClass:/Script/QLearningSimulation.Waypoint Name:MyWaypoint_C_UAID_BCE92F7FD37387E001_1688985495 Label:MyWaypoint15 SpatiallyLoaded:1 Bounds:IsValid=true, Min=(X=7176.388 Y=2739.701 Z=0.000), Max=(X=7176.388 Y=2739.701 Z=0.000) RuntimeGrid:None EditorOnly:0 RuntimeOnly:0 HLODRelevant:0 ListedInSceneOutliner:1 IsMainWorldOnly:0 FolderPath:Waypoints FolderGuid:454B95454C5F6565798016BE1BBB0E3D
 |   |   |- [+] [ 10]
 |   |   |   |- Guid:490C4D804539A08148BF1CB31892676D BaseClass:/Game/TopDown/Blueprints/MyWaypoint.MyWaypoint_C NativeClass:/Script/QLearningSimulation.Waypoint Name:MyWaypoint_C_UAID_BCE92F7FD37385E001_1726902117 Label:MyWaypoint SpatiallyLoaded:1 Bounds:IsValid=true, Min=(X=6184.722 Y=591.948 Z=0.000), Max=(X=6184.722 Y=591.948 Z=0.000) RuntimeGrid:None EditorOnly:0 RuntimeOnly:0 HLODRelevant:0 ListedInSceneOutliner:1 IsMainWorldOnly:0 FolderPath:Waypoints FolderGuid:454B95454C5F6565798016BE1BBB0E3D
 |   |   |- [+] [ 11]
 |   |   |   |- Guid:4E1658284B308438492EAC8E2ABFE80B BaseClass:/Game/TopDown/Blueprints/MyWaypoint.MyWaypoint_C NativeClass:/Script/QLearningSimulation.Waypoint Name:MyWaypoint_C_UAID_BCE92F7FD37387E001_1688968491 Label:MyWaypoint11 SpatiallyLoaded:1 Bounds:IsValid=true, Min=(X=7176.388 Y=591.948 Z=0.000), Max=(X=7176.388 Y=591.948 Z=0.000) RuntimeGrid:None EditorOnly:0 RuntimeOnly:0 HLODRelevant:0 ListedInSceneOutliner:1 IsMainWorldOnly:0 FolderPath:Waypoints FolderGuid:454B95454C5F6565798016BE1BBB0E3D
 |   |   |- [+] [ 12]
 |   |   |   |- Guid:505B4ED943FA99164AF46CAED7EC7B12 BaseClass: NativeClass:/Script/Engine.StaticMeshActor Name:StaticMeshActor_34 Label:SM_Cube SpatiallyLoaded:1 Bounds:IsValid=true, Min=(X=5110.000 Y=0.000 Z=-50.000), Max=(X=8110.000 Y=3500.000 Z=0.000) RuntimeGrid:None EditorOnly:0 RuntimeOnly:0 HLODRelevant:1 ListedInSceneOutliner:1 IsMainWorldOnly:0 FolderPath:Playground FolderGuid:8746DDAD42A18A3736DBE9BBB77675E5
 |   |   |- [+] [ 13]
 |   |   |   |- Guid:5A3C67CF4E64D028230A45911F4D17DB BaseClass:/Game/TopDown/Blueprints/MyWaypoint.MyWaypoint_C NativeClass:/Script/QLearningSimulation.Waypoint Name:MyWaypoint_C_UAID_BCE92F7FD37387E001_1617038477 Label:MyWaypoint7 SpatiallyLoaded:1 Bounds:IsValid=true, Min=(X=6673.356 Y=1087.092 Z=0.000), Max=(X=6673.356 Y=1087.092 Z=0.000) RuntimeGrid:None EditorOnly:0 RuntimeOnly:0 HLODRelevant:0 ListedInSceneOutliner:1 IsMainWorldOnly:0 FolderPath:Waypoints FolderGuid:454B95454C5F6565798016BE1BBB0E3D
 |   |   |- [+] [ 14]
 |   |   |   |- Guid:6CFE69CB41732F0CDEB04A85666FA67E BaseClass: NativeClass:/Script/Engine.WorldDataLayers Name:WorldDataLayers Label:WorldDataLayers-1 SpatiallyLoaded:0 Bounds:Invalid RuntimeGrid:None EditorOnly:0 RuntimeOnly:0 HLODRelevant:0 ListedInSceneOutliner:1 IsMainWorldOnly:1
 |   |   |- [+] [ 15]
 |   |   |   |- Guid:724B73F5478027C55D21E48FE99CF1E1 BaseClass:/Game/TopDown/Blueprints/MyWaypoint.MyWaypoint_C NativeClass:/Script/QLearningSimulation.Waypoint Name:MyWaypoint_C_UAID_BCE92F7FD37385E001_1886512120 Label:MyWaypoint2 SpatiallyLoaded:1 Bounds:IsValid=true, Min=(X=6184.722 Y=1087.092 Z=0.000), Max=(X=6184.722 Y=1087.092 Z=0.000) RuntimeGrid:None EditorOnly:0 RuntimeOnly:0 HLODRelevant:0 ListedInSceneOutliner:1 IsMainWorldOnly:0 FolderPath:Waypoints FolderGuid:454B95454C5F6565798016BE1BBB0E3D
 |   |   |- [+] [ 16]
 |   |   |   |- Guid:77AFEA2C4A4B03799B13FEB5CB82F8A5 BaseClass:/Game/TopDown/Blueprints/MyWaypoint.MyWaypoint_C NativeClass:/Script/QLearningSimulation.Waypoint Name:MyWaypoint_C_UAID_BCE92F7FD37387E001_1588331475 Label:MyWaypoint5 SpatiallyLoaded:1 Bounds:IsValid=true, Min=(X=6184.722 Y=2742.785 Z=0.000), Max=(X=6184.722 Y=2742.785 Z=0.000) RuntimeGrid:None EditorOnly:0 RuntimeOnly:0 HLODRelevant:0 ListedInSceneOutliner:1 IsMainWorldOnly:0 FolderPath:Waypoints FolderGuid:454B95454C5F6565798016BE1BBB0E3D
 |   |   |- [+] [ 17]
 |   |   |   |- Guid:89E324BD494BD14B7A4AFB9ED22CC1BE BaseClass:/Game/TopDown/Blueprints/MyWaypoint.MyWaypoint_C NativeClass:/Script/QLearningSimulation.Waypoint Name:MyWaypoint_C_UAID_BCE92F7FD37387E001_1617042479 Label:MyWaypoint9 SpatiallyLoaded:1 Bounds:IsValid=true, Min=(X=6673.356 Y=2184.313 Z=0.000), Max=(X=6673.356 Y=2184.313 Z=0.000) RuntimeGrid:None EditorOnly:0 RuntimeOnly:0 HLODRelevant:0 ListedInSceneOutliner:1 IsMainWorldOnly:0 FolderPath:Waypoints FolderGuid:454B95454C5F6565798016BE1BBB0E3D
 |   |   |- [+] [ 18]
 |   |   |   |- Guid:8A61AAB246A7E146FBD61995FC470419 BaseClass:/Game/TopDown/Blueprints/MyWaypoint.MyWaypoint_C NativeClass:/Script/QLearningSimulation.Waypoint Name:MyWaypoint_C_UAID_BCE92F7FD37387E001_1574381474 Label:MyWaypoint4 SpatiallyLoaded:1 Bounds:IsValid=true, Min=(X=6184.722 Y=2184.313 Z=0.000), Max=(X=6184.722 Y=2184.313 Z=0.000) RuntimeGrid:None EditorOnly:0 RuntimeOnly:0 HLODRelevant:0 ListedInSceneOutliner:1 IsMainWorldOnly:0 FolderPath:Waypoints FolderGuid:454B95454C5F6565798016BE1BBB0E3D
 |   |   |- [+] [ 19]
 |   |   |   |- Guid:8AA94E724D5986C9011A408FACE87279 BaseClass:/Game/TopDown/Blueprints/MyWaypoint.MyWaypoint_C NativeClass:/Script/QLearningSimulation.Waypoint Name:MyWaypoint_C_UAID_BCE92F7FD37387E001_1617035476 Label:MyWaypoint6 SpatiallyLoaded:1 Bounds:IsValid=true, Min=(X=6673.356 Y=591.948 Z=0.000), Max=(X=6673.356 Y=591.948 Z=0.000) RuntimeGrid:None EditorOnly:0 RuntimeOnly:0 HLODRelevant:0 ListedInSceneOutliner:1 IsMainWorldOnly:0 FolderPath:Waypoints FolderGuid:454B95454C5F6565798016BE1BBB0E3D
 |   |   |- [+] [ 20]
 |   |   |   |- Guid:8C530F6C4B31B994179261B7E19EDCD6 BaseClass:/Game/TopDown/Blueprints/MyWaypoint.MyWaypoint_C NativeClass:/Script/QLearningSimulation.Waypoint Name:MyWaypoint_C_UAID_BCE92F7FD37387E001_1688981493 Label:MyWaypoint13 SpatiallyLoaded:1 Bounds:IsValid=true, Min=(X=7176.388 Y=1630.268 Z=0.000), Max=(X=7176.388 Y=1630.268 Z=0.000) RuntimeGrid:None EditorOnly:0 RuntimeOnly:0 HLODRelevant:0 ListedInSceneOutliner:1 IsMainWorldOnly:0 FolderPath:Waypoints FolderGuid:454B95454C5F6565798016BE1BBB0E3D
 |   |   |- [+] [ 21]
 |   |   |   |- Guid:963169944433A544D75FF79A1B9FC159 BaseClass: NativeClass:/Script/NavigationSystem.NavMeshBoundsVolume Name:NavMeshBoundsVolume_1 Label:NavMeshBoundsVolume SpatiallyLoaded:0 Bounds:IsValid=true, Min=(X=5010.000 Y=-100.000 Z=-110.000), Max=(X=8210.000 Y=3600.000 Z=390.000) RuntimeGrid:None EditorOnly:0 RuntimeOnly:0 HLODRelevant:0 ListedInSceneOutliner:1 IsMainWorldOnly:0 FolderPath:Navigation FolderGuid:5FBB7B1041A3902AEFBB4E87AA1D500F
 |   |   |- [+] [ 22]
 |   |   |   |- Guid:A45756D6495C3CBE8AA73EAD039CE983 BaseClass: NativeClass:/Script/Engine.StaticMeshActor Name:StaticMeshActor_35 Label:SM_Cube2 SpatiallyLoaded:1 Bounds:IsValid=true, Min=(X=5110.000 Y=380.000 Z=0.000), Max=(X=8110.000 Y=480.000 Z=400.000) RuntimeGrid:None EditorOnly:0 RuntimeOnly:0 HLODRelevant:1 ListedInSceneOutliner:1 IsMainWorldOnly:0 FolderPath:Playground FolderGuid:8746DDAD42A18A3736DBE9BBB77675E5
 |   |   |- [+] [ 23]
 |   |   |   |- Guid:A9D8B7064C547B1420056C863FB9AFF3 BaseClass:/Game/TopDown/Blueprints/MyWaypoint.MyWaypoint_C NativeClass:/Script/QLearningSimulation.Waypoint Name:MyWaypoint_C_UAID_BCE92F7FD37387E001_1688983494 Label:MyWaypoint14 SpatiallyLoaded:1 Bounds:IsValid=true, Min=(X=7176.388 Y=2184.313 Z=0.000), Max=(X=7176.388 Y=2184.313 Z=0.000) RuntimeGrid:None EditorOnly:0 RuntimeOnly:0 HLODRelevant:0 ListedInSceneOutliner:1 IsMainWorldOnly:0 FolderPath:Waypoints FolderGuid:454B95454C5F6565798016BE1BBB0E3D
 |   |   |- [+] [ 24]
 |   |   |   |- Guid:BC9F05DA4F26FE20B8ADBEAC803D9E07 BaseClass: NativeClass:/Script/Engine.PostProcessVolume Name:PostProcessVolume_1 Label:PostProcessVolume SpatiallyLoaded:0 Bounds:IsValid=true, Min=(X=5110.000 Y=0.000 Z=400.000), Max=(X=5310.000 Y=200.000 Z=600.000) RuntimeGrid:None EditorOnly:0 RuntimeOnly:0 HLODRelevant:0 ListedInSceneOutliner:1 IsMainWorldOnly:0 FolderPath:Lighting FolderGuid:E13570EE436BA15E35C622BAA5B21164
 |   |   |- [+] [ 25]
 |   |   |   |- Guid:C1F343BF47546FC406FC86B4815E25C6 BaseClass: NativeClass:/Script/Engine.DirectionalLight Name:DirectionalLight_1 Label:DirectionalLight SpatiallyLoaded:0 Bounds:IsValid=true, Min=(X=-4398046511104.000 Y=-4398046511104.000 Z=-4398046511104.000), Max=(X=4398046511104.000 Y=4398046511104.000 Z=4398046511104.000) RuntimeGrid:None EditorOnly:0 RuntimeOnly:0 HLODRelevant:0 ListedInSceneOutliner:1 IsMainWorldOnly:0 FolderPath:Lighting FolderGuid:E13570EE436BA15E35C622BAA5B21164
 |   |   |- [+] [ 26]
 |   |   |   |- Guid:CAAA37F843DDDD4C0CFF3094D80929B5 BaseClass:/Game/TopDown/Blueprints/MyWaypoint.MyWaypoint_C NativeClass:/Script/QLearningSimulation.Waypoint Name:MyWaypoint_C_UAID_BCE92F7FD37387E001_1688979492 Label:MyWaypoint12 SpatiallyLoaded:1 Bounds:IsValid=true, Min=(X=7176.388 Y=1087.092 Z=0.000), Max=(X=7176.388 Y=1087.092 Z=0.000) RuntimeGrid:None EditorOnly:0 RuntimeOnly:0 HLODRelevant:0 ListedInSceneOutliner:1 IsMainWorldOnly:0 FolderPath:Waypoints FolderGuid:454B95454C5F6565798016BE1BBB0E3D
 |   |   |- [+] [ 27]
 |   |   |   |- Guid:E2028E3A4C3FFD53645355A58BAAD03D BaseClass:/Game/TopDown/Blueprints/MyWaypoint.MyWaypoint_C NativeClass:/Script/QLearningSimulation.Waypoint Name:MyWaypoint_C_UAID_BCE92F7FD37387E001_1520688473 Label:MyWaypoint3 SpatiallyLoaded:1 Bounds:IsValid=true, Min=(X=6184.722 Y=1630.268 Z=0.000), Max=(X=6184.722 Y=1630.268 Z=0.000) RuntimeGrid:None EditorOnly:0 RuntimeOnly:0 HLODRelevant:0 ListedInSceneOutliner:1 IsMainWorldOnly:0 FolderPath:Waypoints FolderGuid:454B95454C5F6565798016BE1BBB0E3D
 |   |   |- [+] [ 28]
 |   |   |   |- Guid:E92B029A43F3DD683C1B2481BF7B68DE BaseClass: NativeClass:/Script/Engine.VolumetricCloud Name:VolumetricCloud_1 Label:VolumetricCloud SpatiallyLoaded:0 Bounds:IsValid=true, Min=(X=5110.000 Y=0.000 Z=820.000), Max=(X=5110.000 Y=0.000 Z=820.000) RuntimeGrid:None EditorOnly:0 RuntimeOnly:0 HLODRelevant:0 ListedInSceneOutliner:1 IsMainWorldOnly:0 FolderPath:Lighting FolderGuid:E13570EE436BA15E35C622BAA5B21164
 |   |   |- [+] [ 29]
 |   |   |   |- Guid:F53E2FCE400B950C106F0494276BB7F0 BaseClass:/Game/TopDown/Blueprints/MyWaypoint.MyWaypoint_C NativeClass:/Script/QLearningSimulation.Waypoint Name:MyWaypoint_C_UAID_BCE92F7FD37387E001_1617040478 Label:MyWaypoint8 SpatiallyLoaded:1 Bounds:IsValid=true, Min=(X=6673.356 Y=1630.268 Z=0.000), Max=(X=6673.356 Y=1630.268 Z=0.000) RuntimeGrid:None EditorOnly:0 RuntimeOnly:0 HLODRelevant:0 ListedInSceneOutliner:1 IsMainWorldOnly:0 FolderPath:Waypoints FolderGuid:454B95454C5F6565798016BE1BBB0E3D
 |   |   |- [+] [ 30]
 |   |   |   |- Guid:FE4F9F4044D3F2F9C3F6629B135091C3 BaseClass: NativeClass:/Script/Engine.StaticMeshActor Name:StaticMeshActor_36 Label:SM_Cube3 SpatiallyLoaded:1 Bounds:IsValid=true, Min=(X=5110.000 Y=2960.000 Z=0.000), Max=(X=8110.000 Y=3060.000 Z=400.000) RuntimeGrid:None EditorOnly:0 RuntimeOnly:0 HLODRelevant:1 ListedInSceneOutliner:1 IsMainWorldOnly:0 FolderPath:Playground FolderGuid:8746DDAD42A18A3736DBE9BBB77675E5
 |- ContainerInstances:
 |- [+] MainContainer:
 |   |-        ID: 00000000000000000000000000000000
 |   |-  ParentID: 00000000000000000000000000000000
 |   |-    Bounds: IsValid=false, Min=(X=0.000 Y=0.000 Z=0.000), Max=(X=0.000 Y=0.000 Z=0.000)
 |   |- Transform: 0.000000,0.000000,0.000000|0.000000,0.000000,-0.000000|1.000000,1.000000,1.000000
 |   |- Container: /Game/TopDown/Maps/TopDownMap
----------------------------------------------------------------------------------------------------------------
TopDownMap - Persistent Level
----------------------------------------------------------------------------------------------------------------
[+] Content of TopDownMap Persistent Level
 |- Always loaded Actor Count: 39 
 |- Actor Path: /Game/TopDown/Maps/TopDownMap.TopDownMap:PersistentLevel.AbstractNavData-Default
 |- Actor Package: /Game/TopDown/Maps/TopDownMap
 |- Actor Path: /Game/TopDown/Maps/TopDownMap.TopDownMap:PersistentLevel.Agent_C_UAID_BCE92F7FD37382E001_2068382584
 |- Actor Package: /Game/__ExternalActors__/TopDown/Maps/TopDownMap/2/U7/AWG2M5DTPIO8N3YDMLTSKK
 |- Actor Path: /Game/TopDown/Maps/TopDownMap.TopDownMap:PersistentLevel.Brush_0
 |- Actor Package: /Game/TopDown/Maps/TopDownMap
 |- Actor Path: /Game/TopDown/Maps/TopDownMap.TopDownMap:PersistentLevel.CameraActor_UAID_BCE92F7FD37384E001_1282719938
 |- Actor Package: /Game/__ExternalActors__/TopDown/Maps/TopDownMap/3/AX/HV2P7YF9YGK810N4X1M2EQ
 |- Actor Path: /Game/TopDown/Maps/TopDownMap.TopDownMap:PersistentLevel.DefaultPhysicsVolume_0
 |- Actor Package: /Game/TopDown/Maps/TopDownMap
 |- Actor Path: /Game/TopDown/Maps/TopDownMap.TopDownMap:PersistentLevel.DirectionalLight_1
 |- Actor Package: /Game/__ExternalActors__/TopDown/Maps/TopDownMap/A/LM/VRK8UAZR3J2TAKS74SHCUD
 |- Actor Path: /Game/TopDown/Maps/TopDownMap.TopDownMap:PersistentLevel.ExponentialHeightFog_1
 |- Actor Package: /Game/__ExternalActors__/TopDown/Maps/TopDownMap/6/BO/BYV4KSLUROOOL33DU1XUWQ
 |- Actor Path: /Game/TopDown/Maps/TopDownMap.TopDownMap:PersistentLevel.GameplayDebuggerPlayerManager_0
 |- Actor Package: /Game/TopDown/Maps/TopDownMap
 |- Actor Path: /Game/TopDown/Maps/TopDownMap.TopDownMap:PersistentLevel.MyWaypoint_C_UAID_BCE92F7FD37385E001_1726902117
 |- Actor Package: /Game/__ExternalActors__/TopDown/Maps/TopDownMap/2/36/3BR6WH2YJ9M9YILHBDHGEK
 |- Actor Path: /Game/TopDown/Maps/TopDownMap.TopDownMap:PersistentLevel.MyWaypoint_C_UAID_BCE92F7FD37385E001_1886512120
 |- Actor Package: /Game/__ExternalActors__/TopDown/Maps/TopDownMap/9/RV/FIWHUXLKVG62WOKLIXHL8H
 |- Actor Path: /Game/TopDown/Maps/TopDownMap.TopDownMap:PersistentLevel.MyWaypoint_C_UAID_BCE92F7FD37387E001_1520688473
 |- Actor Package: /Game/__ExternalActors__/TopDown/Maps/TopDownMap/C/2L/JE9OQBMRV5BNDDBCW7BD5C
 |- Actor Path: /Game/TopDown/Maps/TopDownMap.TopDownMap:PersistentLevel.MyWaypoint_C_UAID_BCE92F7FD37387E001_1574381474
 |- Actor Package: /Game/__ExternalActors__/TopDown/Maps/TopDownMap/A/JY/ZV9TA0B8JW09WOWOCMS6QD
 |- Actor Path: /Game/TopDown/Maps/TopDownMap.TopDownMap:PersistentLevel.MyWaypoint_C_UAID_BCE92F7FD37387E001_1588331475
 |- Actor Package: /Game/__ExternalActors__/TopDown/Maps/TopDownMap/C/Y4/8RFVPGLFHAQOUR85DFFAJW
 |- Actor Path: /Game/TopDown/Maps/TopDownMap.TopDownMap:PersistentLevel.MyWaypoint_C_UAID_BCE92F7FD37387E001_1617035476
 |- Actor Package: /Game/__ExternalActors__/TopDown/Maps/TopDownMap/B/HN/MRHOLULC54CHB892MK0OMD
 |- Actor Path: /Game/TopDown/Maps/TopDownMap.TopDownMap:PersistentLevel.MyWaypoint_C_UAID_BCE92F7FD37387E001_1617038477
 |- Actor Package: /Game/__ExternalActors__/TopDown/Maps/TopDownMap/5/SU/B5C76I52GV75LTT68Q4MK2
 |- Actor Path: /Game/TopDown/Maps/TopDownMap.TopDownMap:PersistentLevel.MyWaypoint_C_UAID_BCE92F7FD37387E001_1617040478
 |- Actor Package: /Game/__ExternalActors__/TopDown/Maps/TopDownMap/C/HJ/DI37JYDM1CTJ78FA927PA7
 |- Actor Path: /Game/TopDown/Maps/TopDownMap.TopDownMap:PersistentLevel.MyWaypoint_C_UAID_BCE92F7FD37387E001_1617042479
 |- Actor Package: /Game/__ExternalActors__/TopDown/Maps/TopDownMap/B/MN/5JNCQ51262ZOXG3HNPCCRG
 |- Actor Path: /Game/TopDown/Maps/TopDownMap.TopDownMap:PersistentLevel.MyWaypoint_C_UAID_BCE92F7FD37387E001_1617045480
 |- Actor Package: /Game/__ExternalActors__/TopDown/Maps/TopDownMap/D/RI/4OYCYLGG0547J36JYI7J3U
 |- Actor Path: /Game/TopDown/Maps/TopDownMap.TopDownMap:PersistentLevel.MyWaypoint_C_UAID_BCE92F7FD37387E001_1688968491
 |- Actor Package: /Game/__ExternalActors__/TopDown/Maps/TopDownMap/3/D4/28LJMC62CYRWL7W9CDLUT6
 |- Actor Path: /Game/TopDown/Maps/TopDownMap.TopDownMap:PersistentLevel.MyWaypoint_C_UAID_BCE92F7FD37387E001_1688979492
 |- Actor Package: /Game/__ExternalActors__/TopDown/Maps/TopDownMap/9/ON/KUAVK6DIY9R64L5R0FIH0P
 |- Actor Path: /Game/TopDown/Maps/TopDownMap.TopDownMap:PersistentLevel.MyWaypoint_C_UAID_BCE92F7FD37387E001_1688981493
 |- Actor Package: /Game/__ExternalActors__/TopDown/Maps/TopDownMap/1/8S/LBSSAX064A4F6Q3X76G5QE
 |- Actor Path: /Game/TopDown/Maps/TopDownMap.TopDownMap:PersistentLevel.MyWaypoint_C_UAID_BCE92F7FD37387E001_1688983494
 |- Actor Package: /Game/__ExternalActors__/TopDown/Maps/TopDownMap/4/08/YYA6W0ZACB0PXXT1LLIO8U
 |- Actor Path: /Game/TopDown/Maps/TopDownMap.TopDownMap:PersistentLevel.MyWaypoint_C_UAID_BCE92F7FD37387E001_1688985495
 |- Actor Package: /Game/__ExternalActors__/TopDown/Maps/TopDownMap/9/TE/V1CLK0DGT5SUK3PBB8UIHC
 |- Actor Path: /Game/TopDown/Maps/TopDownMap.TopDownMap:PersistentLevel.NavMeshBoundsVolume_1
 |- Actor Package: /Game/__ExternalActors__/TopDown/Maps/TopDownMap/0/QS/8AKCSH4RXXQHHQMCR8GO6C
 |- Actor Path: /Game/TopDown/Maps/TopDownMap.TopDownMap:PersistentLevel.PostProcessVolume_1
 |- Actor Package: /Game/__ExternalActors__/TopDown/Maps/TopDownMap/6/VI/ESHAVRHFZFA2JDR9ZAQIOE
 |- Actor Path: /Game/TopDown/Maps/TopDownMap.TopDownMap:PersistentLevel.RecastNavMesh-Default
 |- Actor Package: /Game/TopDown/Maps/TopDownMap
 |- Actor Path: /Game/TopDown/Maps/TopDownMap.TopDownMap:PersistentLevel.SkyAtmosphere_1
 |- Actor Package: /Game/__ExternalActors__/TopDown/Maps/TopDownMap/5/YN/TCNGOWDVRBFBJ5YZR7VI7S
 |- Actor Path: /Game/TopDown/Maps/TopDownMap.TopDownMap:PersistentLevel.SkyLight_1
 |- Actor Package: /Game/__ExternalActors__/TopDown/Maps/TopDownMap/E/LR/47NTFRDFK6M7265A1UYTOW
 |- Actor Path: /Game/TopDown/Maps/TopDownMap.TopDownMap:PersistentLevel.StaticMeshActor_34
 |- Actor Package: /Game/__ExternalActors__/TopDown/Maps/TopDownMap/7/WV/FF6LPDZ0FKKLS0GFFG7RY1
 |- Actor Path: /Game/TopDown/Maps/TopDownMap.TopDownMap:PersistentLevel.StaticMeshActor_35
 |- Actor Package: /Game/__ExternalActors__/TopDown/Maps/TopDownMap/B/AX/QD7MAQAIBJ16OYN5ZXXIUV
 |- Actor Path: /Game/TopDown/Maps/TopDownMap.TopDownMap:PersistentLevel.StaticMeshActor_36
 |- Actor Package: /Game/__ExternalActors__/TopDown/Maps/TopDownMap/8/R7/0I68M8T0K5GQDUX5H3A9IO
 |- Actor Path: /Game/TopDown/Maps/TopDownMap.TopDownMap:PersistentLevel.StaticMeshActor_39
 |- Actor Package: /Game/__ExternalActors__/TopDown/Maps/TopDownMap/5/LH/V6N3G2I7QT53NAD6H1AD04
 |- Actor Path: /Game/TopDown/Maps/TopDownMap.TopDownMap:PersistentLevel.StaticMeshActor_40
 |- Actor Package: /Game/__ExternalActors__/TopDown/Maps/TopDownMap/B/PL/MYXGV0RBWT3ZBX00KVP1IE
 |- Actor Path: /Game/TopDown/Maps/TopDownMap.TopDownMap:PersistentLevel.StaticMeshActor_UAID_A4AE111137DC5CFB00_1546167071
 |- Actor Package: /Game/__ExternalActors__/TopDown/Maps/TopDownMap/4/OB/UE797FL8JPMDZ27UFM0IFO
 |- Actor Path: /Game/TopDown/Maps/TopDownMap.TopDownMap:PersistentLevel.TopDownMap_C_11
 |- Actor Package: /Game/TopDown/Maps/TopDownMap
 |- Actor Path: /Game/TopDown/Maps/TopDownMap.TopDownMap:PersistentLevel.VolumetricCloud_1
 |- Actor Package: /Game/__ExternalActors__/TopDown/Maps/TopDownMap/E/SW/R38LZ3VU1OWS6QBVEOT0MO
 |- Actor Path: /Game/TopDown/Maps/TopDownMap.TopDownMap:PersistentLevel.WorldDataLayers
 |- Actor Package: /Game/__ExternalActors__/TopDown/Maps/TopDownMap/A/RN/FHX05LPSBNMAJG3SW97PS7
 |- Actor Path: /Game/TopDown/Maps/TopDownMap.TopDownMap:PersistentLevel.WorldInfo_0
 |- Actor Package: /Game/TopDown/Maps/TopDownMap
 |- Actor Path: /Game/TopDown/Maps/TopDownMap.TopDownMap:PersistentLevel.WorldPartitionMiniMap_0
 |- Actor Package: /Game/__ExternalActors__/TopDown/Maps/TopDownMap/8/YS/FOXTUL6MPN05XEWRDRZ58J

----------------------------------------------------------------------------------------------------------------
TopDownMap - Runtime Spatial Hash - Streaming Grid - MainGrid
----------------------------------------------------------------------------------------------------------------
            Origin: X=0.000 Y=0.000 Z=0.000
         Cell Size: 12800
      World Bounds: IsValid=false, Min=(X=0.000 Y=0.000 Z=0.000), Max=(X=0.000 Y=0.000 Z=0.000)
     Loading Range: 25600.00
Block Slow Loading: No
 ClientOnlyVisible: No
            Origin: X=0.000 Y=0.000 Z=0.000

[+] Grid Levels: 1
 |- Level  0: Cell Count    0 | Cell Size   12800 | Actor Count    0 (0.0%)

[+] Content of Grid Level 0

