[+] Containers:
 |- [+] Container: /Game/TopDown/Maps/TopDownMap
 |   |- [+] ActorDescs:
 |   |   |- Guid:07810DB5476552C6ECC207B8FBE94500 BaseClass: NativeClass:/Script/Engine.StaticMeshActor Name:StaticMeshActor_UAID_A4AE111137DC5CFB00_1546167071 Label:SM_SkySphere SpatiallyLoaded:0 Bounds:IsValid=true, Min=(X=-1638400.000 Y=-1638400.000 Z=-1638400.000), Max=(X=1638400.000 Y=1638400.000 Z=1638400.000) RuntimeGrid:None EditorOnly:0 RuntimeOnly:0 HLODRelevant:1 ListedInSceneOutliner:1 IsMainWorldOnly:0 FolderPath:Lighting FolderGuid:E13570EE436BA15E35C622BAA5B21164
 |   |   |- Guid:0BE2FDEE4F836E0AE8B1158D3A290AD2 BaseClass:/Game/TopDown/Blueprints/Agent/Agent.Agent_C NativeClass:/Script/Engine.Character Name:Agent_C_UAID_BCE92F7FD37382E001_2068382584 Label:Agent SpatiallyLoaded:1 Bounds:IsValid=true, Min=(X=966.000 Y=726.000 Z=-0.967), Max=(X=1034.000 Y=794.000 Z=177.514) RuntimeGrid:None EditorOnly:0 RuntimeOnly:0 HLODRelevant:0 ListedInSceneOutliner:1 IsMainWorldOnly:0
 |   |   |- Guid:0EE0E5D1466B2603910C569929142127 BaseClass: NativeClass:/Script/Engine.StaticMeshActor Name:StaticMeshActor_39 Label:SM_Cube5 SpatiallyLoaded:1 Bounds:IsValid=true, Min=(X=-0.000 Y=100.000 Z=0.000), Max=(X=100.000 Y=3400.000 Z=400.000) RuntimeGrid:None EditorOnly:0 RuntimeOnly:0 HLODRelevant:1 ListedInSceneOutliner:1 IsMainWorldOnly:0 FolderPath:Playground FolderGuid:8746DDAD42A18A3736DBE9BBB77675E5
 |   |   |- Guid:124EE53143C875A1C4F174B08C31D407 BaseClass: NativeClass:/Script/Engine.SkyAtmosphere Name:SkyAtmosphere_1 Label:SkyAtmosphere SpatiallyLoaded:0 Bounds:IsValid=true, Min=(X=0.000 Y=0.000 Z=1020.000), Max=(X=0.000 Y=0.000 Z=1020.000) RuntimeGrid:None EditorOnly:0 RuntimeOnly:0 HLODRelevant:0 ListedInSceneOutliner:1 IsMainWorldOnly:0 FolderPath:Lighting FolderGuid:E13570EE436BA15E35C622BAA5B21164
 |   |   |- Guid:1A013F6D454DDAB5AD8E77B766ED9FAD BaseClass: NativeClass:/Script/Engine.ExponentialHeightFog Name:ExponentialHeightFog_1 Label:ExponentialHeightFog SpatiallyLoaded:0 Bounds:IsValid=true, Min=(X=-5600.000 Y=-50.000 Z=-6850.000), Max=(X=-5600.000 Y=-50.000 Z=-6850.000) RuntimeGrid:None EditorOnly:0 RuntimeOnly:0 HLODRelevant:0 ListedInSceneOutliner:1 IsMainWorldOnly:0 FolderPath:Lighting FolderGuid:E13570EE436BA15E35C622BAA5B21164
 |   |   |- Guid:20BCA97640857441FE4D28B054684C07 BaseClass: NativeClass:/Script/Engine.StaticMeshActor Name:StaticMeshActor_40 Label:SM_Cube6 SpatiallyLoaded:1 Bounds:IsValid=true, Min=(X=2900.000 Y=100.000 Z=0.000), Max=(X=3000.000 Y=3400.000 Z=400.000) RuntimeGrid:None EditorOnly:0 RuntimeOnly:0 HLODRelevant:1 ListedInSceneOutliner:1 IsMainWorldOnly:0 FolderPath:Playground FolderGuid:8746DDAD42A18A3736DBE9BBB77675E5
 |   |   |- Guid:30527CC149F7950197BFFDB79ABBC6A9 BaseClass: NativeClass:/Script/Engine.TextRenderActor Name:TextRenderActor_1 Label:TextRenderActor SpatiallyLoaded:1 Bounds:IsValid=true, Min=(X=-0.100 Y=1100.000 Z=65.013), Max=(X=-0.100 Y=2225.000 Z=215.013) RuntimeGrid:None EditorOnly:0 RuntimeOnly:0 HLODRelevant:0 ListedInSceneOutliner:1 IsMainWorldOnly:0
 |   |   |- Guid:3AA00CC7473B3AB860032482C86F1357 BaseClass: NativeClass:/Script/Engine.SkyLight Name:SkyLight_1 Label:SkyLight SpatiallyLoaded:0 Bounds:IsValid=true, Min=(X=0.000 Y=0.000 Z=690.000), Max=(X=0.000 Y=0.000 Z=690.000) RuntimeGrid:None EditorOnly:0 RuntimeOnly:0 HLODRelevant:0 ListedInSceneOutliner:1 IsMainWorldOnly:0 FolderPath:Lighting FolderGuid:E13570EE436BA15E35C622BAA5B21164
 |   |   |- Guid:505B4ED943FA99164AF46CAED7EC7B12 BaseClass: NativeClass:/Script/Engine.StaticMeshActor Name:StaticMeshActor_34 Label:SM_Cube SpatiallyLoaded:1 Bounds:IsValid=true, Min=(X=0.000 Y=0.000 Z=-50.000), Max=(X=3000.000 Y=3500.000 Z=0.000) RuntimeGrid:None EditorOnly:0 RuntimeOnly:0 HLODRelevant:1 ListedInSceneOutliner:1 IsMainWorldOnly:0 FolderPath:Playground FolderGuid:8746DDAD42A18A3736DBE9BBB77675E5
 |   |   |- Guid:6CFE69CB41732F0CDEB04A85666FA67E BaseClass: NativeClass:/Script/Engine.WorldDataLayers Name:WorldDataLayers Label:WorldDataLayers-1 SpatiallyLoaded:0 Bounds:IsValid=true, Min=(X=0.000 Y=0.000 Z=0.000), Max=(X=0.000 Y=0.000 Z=0.000) RuntimeGrid:None EditorOnly:0 RuntimeOnly:0 HLODRelevant:0 ListedInSceneOutliner:1 IsMainWorldOnly:1
 |   |   |- Guid:963169944433A544D75FF79A1B9FC159 BaseClass: NativeClass:/Script/NavigationSystem.NavMeshBoundsVolume Name:NavMeshBoundsVolume_1 Label:NavMeshBoundsVolume SpatiallyLoaded:0 Bounds:IsValid=true, Min=(X=-100.000 Y=-100.000 Z=-110.000), Max=(X=3100.000 Y=3600.000 Z=390.000) RuntimeGrid:None EditorOnly:0 RuntimeOnly:0 HLODRelevant:0 ListedInSceneOutliner:1 IsMainWorldOnly:0 FolderPath:Navigation FolderGuid:5FBB7B1041A3902AEFBB4E87AA1D500F
 |   |   |- Guid:A45756D6495C3CBE8AA73EAD039CE983 BaseClass: NativeClass:/Script/Engine.StaticMeshActor Name:StaticMeshActor_35 Label:SM_Cube2 SpatiallyLoaded:1 Bounds:IsValid=true, Min=(X=0.000 Y=0.000 Z=0.000), Max=(X=3000.000 Y=100.000 Z=400.000) RuntimeGrid:None EditorOnly:0 RuntimeOnly:0 HLODRelevant:1 ListedInSceneOutliner:1 IsMainWorldOnly:0 FolderPath:Playground FolderGuid:8746DDAD42A18A3736DBE9BBB77675E5
 |   |   |- Guid:ACCC951E4605D4602FE5579E9082AFF8 BaseClass:/Game/TopDown/Blueprints/BP_TopDownCharacter.BP_TopDownCharacter_C NativeClass:/Script/QLearningSimulation.QLearningSimulationCharacter Name:BP_TopDownCharacter_C_UAID_BCE92F7FD37383E001_1488067761 Label:BP_TopDownCharacter SpatiallyLoaded:1 Bounds:IsValid=true, Min=(X=618.000 Y=1838.000 Z=-0.146), Max=(X=702.000 Y=1922.000 Z=192.000) RuntimeGrid:None EditorOnly:0 RuntimeOnly:0 HLODRelevant:0 ListedInSceneOutliner:1 IsMainWorldOnly:0
 |   |   |- Guid:BC9F05DA4F26FE20B8ADBEAC803D9E07 BaseClass: NativeClass:/Script/Engine.PostProcessVolume Name:PostProcessVolume_1 Label:PostProcessVolume SpatiallyLoaded:0 Bounds:IsValid=true, Min=(X=0.000 Y=0.000 Z=400.000), Max=(X=200.000 Y=200.000 Z=600.000) RuntimeGrid:None EditorOnly:0 RuntimeOnly:0 HLODRelevant:0 ListedInSceneOutliner:1 IsMainWorldOnly:0 FolderPath:Lighting FolderGuid:E13570EE436BA15E35C622BAA5B21164
 |   |   |- Guid:C1F343BF47546FC406FC86B4815E25C6 BaseClass: NativeClass:/Script/Engine.DirectionalLight Name:DirectionalLight_1 Label:DirectionalLight SpatiallyLoaded:0 Bounds:IsValid=true, Min=(X=-1048576.000 Y=-1048576.000 Z=-1048576.000), Max=(X=1048576.000 Y=1048576.000 Z=1048576.000) RuntimeGrid:None EditorOnly:0 RuntimeOnly:0 HLODRelevant:0 ListedInSceneOutliner:1 IsMainWorldOnly:0 FolderPath:Lighting FolderGuid:E13570EE436BA15E35C622BAA5B21164
 |   |   |- Guid:E92B029A43F3DD683C1B2481BF7B68DE BaseClass: NativeClass:/Script/Engine.VolumetricCloud Name:VolumetricCloud_1 Label:VolumetricCloud SpatiallyLoaded:0 Bounds:IsValid=true, Min=(X=0.000 Y=0.000 Z=820.000), Max=(X=0.000 Y=0.000 Z=820.000) RuntimeGrid:None EditorOnly:0 RuntimeOnly:0 HLODRelevant:0 ListedInSceneOutliner:1 IsMainWorldOnly:0 FolderPath:Lighting FolderGuid:E13570EE436BA15E35C622BAA5B21164
 |   |   |- Guid:FE4F9F4044D3F2F9C3F6629B135091C3 BaseClass: NativeClass:/Script/Engine.StaticMeshActor Name:StaticMeshActor_36 Label:SM_Cube3 SpatiallyLoaded:1 Bounds:IsValid=true, Min=(X=0.000 Y=3400.000 Z=0.000), Max=(X=3000.000 Y=3500.000 Z=400.000) RuntimeGrid:None EditorOnly:0 RuntimeOnly:0 HLODRelevant:1 ListedInSceneOutliner:1 IsMainWorldOnly:0 FolderPath:Playground FolderGuid:8746DDAD42A18A3736DBE9BBB77675E5
 |   |- [+] Clusters:
 |   |   |- [+] [  0]
 |   |   |   |- Guid:07810DB5476552C6ECC207B8FBE94500 BaseClass: NativeClass:/Script/Engine.StaticMeshActor Name:StaticMeshActor_UAID_A4AE111137DC5CFB00_1546167071 Label:SM_SkySphere SpatiallyLoaded:0 Bounds:IsValid=true, Min=(X=-1638400.000 Y=-1638400.000 Z=-1638400.000), Max=(X=1638400.000 Y=1638400.000 Z=1638400.000) RuntimeGrid:None EditorOnly:0 RuntimeOnly:0 HLODRelevant:1 ListedInSceneOutliner:1 IsMainWorldOnly:0 FolderPath:Lighting FolderGuid:E13570EE436BA15E35C622BAA5B21164
 |   |   |- [+] [  1]
 |   |   |   |- Guid:0BE2FDEE4F836E0AE8B1158D3A290AD2 BaseClass:/Game/TopDown/Blueprints/Agent/Agent.Agent_C NativeClass:/Script/Engine.Character Name:Agent_C_UAID_BCE92F7FD37382E001_2068382584 Label:Agent SpatiallyLoaded:1 Bounds:IsValid=true, Min=(X=966.000 Y=726.000 Z=-0.967), Max=(X=1034.000 Y=794.000 Z=177.514) RuntimeGrid:None EditorOnly:0 RuntimeOnly:0 HLODRelevant:0 ListedInSceneOutliner:1 IsMainWorldOnly:0
 |   |   |- [+] [  2]
 |   |   |   |- Guid:0EE0E5D1466B2603910C569929142127 BaseClass: NativeClass:/Script/Engine.StaticMeshActor Name:StaticMeshActor_39 Label:SM_Cube5 SpatiallyLoaded:1 Bounds:IsValid=true, Min=(X=-0.000 Y=100.000 Z=0.000), Max=(X=100.000 Y=3400.000 Z=400.000) RuntimeGrid:None EditorOnly:0 RuntimeOnly:0 HLODRelevant:1 ListedInSceneOutliner:1 IsMainWorldOnly:0 FolderPath:Playground FolderGuid:8746DDAD42A18A3736DBE9BBB77675E5
 |   |   |- [+] [  3]
 |   |   |   |- Guid:124EE53143C875A1C4F174B08C31D407 BaseClass: NativeClass:/Script/Engine.SkyAtmosphere Name:SkyAtmosphere_1 Label:SkyAtmosphere SpatiallyLoaded:0 Bounds:IsValid=true, Min=(X=0.000 Y=0.000 Z=1020.000), Max=(X=0.000 Y=0.000 Z=1020.000) RuntimeGrid:None EditorOnly:0 RuntimeOnly:0 HLODRelevant:0 ListedInSceneOutliner:1 IsMainWorldOnly:0 FolderPath:Lighting FolderGuid:E13570EE436BA15E35C622BAA5B21164
 |   |   |- [+] [  4]
 |   |   |   |- Guid:1A013F6D454DDAB5AD8E77B766ED9FAD BaseClass: NativeClass:/Script/Engine.ExponentialHeightFog Name:ExponentialHeightFog_1 Label:ExponentialHeightFog SpatiallyLoaded:0 Bounds:IsValid=true, Min=(X=-5600.000 Y=-50.000 Z=-6850.000), Max=(X=-5600.000 Y=-50.000 Z=-6850.000) RuntimeGrid:None EditorOnly:0 RuntimeOnly:0 HLODRelevant:0 ListedInSceneOutliner:1 IsMainWorldOnly:0 FolderPath:Lighting FolderGuid:E13570EE436BA15E35C622BAA5B21164
 |   |   |- [+] [  5]
 |   |   |   |- Guid:20BCA97640857441FE4D28B054684C07 BaseClass: NativeClass:/Script/Engine.StaticMeshActor Name:StaticMeshActor_40 Label:SM_Cube6 SpatiallyLoaded:1 Bounds:IsValid=true, Min=(X=2900.000 Y=100.000 Z=0.000), Max=(X=3000.000 Y=3400.000 Z=400.000) RuntimeGrid:None EditorOnly:0 RuntimeOnly:0 HLODRelevant:1 ListedInSceneOutliner:1 IsMainWorldOnly:0 FolderPath:Playground FolderGuid:8746DDAD42A18A3736DBE9BBB77675E5
 |   |   |- [+] [  6]
 |   |   |   |- Guid:30527CC149F7950197BFFDB79ABBC6A9 BaseClass: NativeClass:/Script/Engine.TextRenderActor Name:TextRenderActor_1 Label:TextRenderActor SpatiallyLoaded:1 Bounds:IsValid=true, Min=(X=-0.100 Y=1100.000 Z=65.013), Max=(X=-0.100 Y=2225.000 Z=215.013) RuntimeGrid:None EditorOnly:0 RuntimeOnly:0 HLODRelevant:0 ListedInSceneOutliner:1 IsMainWorldOnly:0
 |   |   |- [+] [  7]
 |   |   |   |- Guid:3AA00CC7473B3AB860032482C86F1357 BaseClass: NativeClass:/Script/Engine.SkyLight Name:SkyLight_1 Label:SkyLight SpatiallyLoaded:0 Bounds:IsValid=true, Min=(X=0.000 Y=0.000 Z=690.000), Max=(X=0.000 Y=0.000 Z=690.000) RuntimeGrid:None EditorOnly:0 RuntimeOnly:0 HLODRelevant:0 ListedInSceneOutliner:1 IsMainWorldOnly:0 FolderPath:Lighting FolderGuid:E13570EE436BA15E35C622BAA5B21164
 |   |   |- [+] [  8]
 |   |   |   |- Guid:505B4ED943FA99164AF46CAED7EC7B12 BaseClass: NativeClass:/Script/Engine.StaticMeshActor Name:StaticMeshActor_34 Label:SM_Cube SpatiallyLoaded:1 Bounds:IsValid=true, Min=(X=0.000 Y=0.000 Z=-50.000), Max=(X=3000.000 Y=3500.000 Z=0.000) RuntimeGrid:None EditorOnly:0 RuntimeOnly:0 HLODRelevant:1 ListedInSceneOutliner:1 IsMainWorldOnly:0 FolderPath:Playground FolderGuid:8746DDAD42A18A3736DBE9BBB77675E5
 |   |   |- [+] [  9]
 |   |   |   |- Guid:6CFE69CB41732F0CDEB04A85666FA67E BaseClass: NativeClass:/Script/Engine.WorldDataLayers Name:WorldDataLayers Label:WorldDataLayers-1 SpatiallyLoaded:0 Bounds:IsValid=true, Min=(X=0.000 Y=0.000 Z=0.000), Max=(X=0.000 Y=0.000 Z=0.000) RuntimeGrid:None EditorOnly:0 RuntimeOnly:0 HLODRelevant:0 ListedInSceneOutliner:1 IsMainWorldOnly:1
 |   |   |- [+] [ 10]
 |   |   |   |- Guid:963169944433A544D75FF79A1B9FC159 BaseClass: NativeClass:/Script/NavigationSystem.NavMeshBoundsVolume Name:NavMeshBoundsVolume_1 Label:NavMeshBoundsVolume SpatiallyLoaded:0 Bounds:IsValid=true, Min=(X=-100.000 Y=-100.000 Z=-110.000), Max=(X=3100.000 Y=3600.000 Z=390.000) RuntimeGrid:None EditorOnly:0 RuntimeOnly:0 HLODRelevant:0 ListedInSceneOutliner:1 IsMainWorldOnly:0 FolderPath:Navigation FolderGuid:5FBB7B1041A3902AEFBB4E87AA1D500F
 |   |   |- [+] [ 11]
 |   |   |   |- Guid:A45756D6495C3CBE8AA73EAD039CE983 BaseClass: NativeClass:/Script/Engine.StaticMeshActor Name:StaticMeshActor_35 Label:SM_Cube2 SpatiallyLoaded:1 Bounds:IsValid=true, Min=(X=0.000 Y=0.000 Z=0.000), Max=(X=3000.000 Y=100.000 Z=400.000) RuntimeGrid:None EditorOnly:0 RuntimeOnly:0 HLODRelevant:1 ListedInSceneOutliner:1 IsMainWorldOnly:0 FolderPath:Playground FolderGuid:8746DDAD42A18A3736DBE9BBB77675E5
 |   |   |- [+] [ 12]
 |   |   |   |- Guid:ACCC951E4605D4602FE5579E9082AFF8 BaseClass:/Game/TopDown/Blueprints/BP_TopDownCharacter.BP_TopDownCharacter_C NativeClass:/Script/QLearningSimulation.QLearningSimulationCharacter Name:BP_TopDownCharacter_C_UAID_BCE92F7FD37383E001_1488067761 Label:BP_TopDownCharacter SpatiallyLoaded:1 Bounds:IsValid=true, Min=(X=618.000 Y=1838.000 Z=-0.146), Max=(X=702.000 Y=1922.000 Z=192.000) RuntimeGrid:None EditorOnly:0 RuntimeOnly:0 HLODRelevant:0 ListedInSceneOutliner:1 IsMainWorldOnly:0
 |   |   |- [+] [ 13]
 |   |   |   |- Guid:BC9F05DA4F26FE20B8ADBEAC803D9E07 BaseClass: NativeClass:/Script/Engine.PostProcessVolume Name:PostProcessVolume_1 Label:PostProcessVolume SpatiallyLoaded:0 Bounds:IsValid=true, Min=(X=0.000 Y=0.000 Z=400.000), Max=(X=200.000 Y=200.000 Z=600.000) RuntimeGrid:None EditorOnly:0 RuntimeOnly:0 HLODRelevant:0 ListedInSceneOutliner:1 IsMainWorldOnly:0 FolderPath:Lighting FolderGuid:E13570EE436BA15E35C622BAA5B21164
 |   |   |- [+] [ 14]
 |   |   |   |- Guid:C1F343BF47546FC406FC86B4815E25C6 BaseClass: NativeClass:/Script/Engine.DirectionalLight Name:DirectionalLight_1 Label:DirectionalLight SpatiallyLoaded:0 Bounds:IsValid=true, Min=(X=-1048576.000 Y=-1048576.000 Z=-1048576.000), Max=(X=1048576.000 Y=1048576.000 Z=1048576.000) RuntimeGrid:None EditorOnly:0 RuntimeOnly:0 HLODRelevant:0 ListedInSceneOutliner:1 IsMainWorldOnly:0 FolderPath:Lighting FolderGuid:E13570EE436BA15E35C622BAA5B21164
 |   |   |- [+] [ 15]
 |   |   |   |- Guid:E92B029A43F3DD683C1B2481BF7B68DE BaseClass: NativeClass:/Script/Engine.VolumetricCloud Name:VolumetricCloud_1 Label:VolumetricCloud SpatiallyLoaded:0 Bounds:IsValid=true, Min=(X=0.000 Y=0.000 Z=820.000), Max=(X=0.000 Y=0.000 Z=820.000) RuntimeGrid:None EditorOnly:0 RuntimeOnly:0 HLODRelevant:0 ListedInSceneOutliner:1 IsMainWorldOnly:0 FolderPath:Lighting FolderGuid:E13570EE436BA15E35C622BAA5B21164
 |   |   |- [+] [ 16]
 |   |   |   |- Guid:FE4F9F4044D3F2F9C3F6629B135091C3 BaseClass: NativeClass:/Script/Engine.StaticMeshActor Name:StaticMeshActor_36 Label:SM_Cube3 SpatiallyLoaded:1 Bounds:IsValid=true, Min=(X=0.000 Y=3400.000 Z=0.000), Max=(X=3000.000 Y=3500.000 Z=400.000) RuntimeGrid:None EditorOnly:0 RuntimeOnly:0 HLODRelevant:1 ListedInSceneOutliner:1 IsMainWorldOnly:0 FolderPath:Playground FolderGuid:8746DDAD42A18A3736DBE9BBB77675E5
 |- ContainerInstances:
 |- [+] MainContainer:
 |   |-        ID: 00000000000000000000000000000000
 |   |-  ParentID: 00000000000000000000000000000000
 |   |-    Bounds: IsValid=false, Min=(X=0.000 Y=0.000 Z=0.000), Max=(X=0.000 Y=0.000 Z=0.000)
 |   |- Transform: 0.000000,0.000000,0.000000|0.000000,0.000000,-0.000000|1.000000,1.000000,1.000000
 |   |- Container: /Game/TopDown/Maps/TopDownMap
----------------------------------------------------------------------------------------------------------------
TopDownMap - Persistent Level
----------------------------------------------------------------------------------------------------------------
[+] Content of TopDownMap Persistent Level
 |- Always loaded Actor Count: 25 
 |- Actor Path: /Game/TopDown/Maps/TopDownMap.TopDownMap:PersistentLevel.AbstractNavData-Default
 |- Actor Package: /Game/TopDown/Maps/TopDownMap
 |- Actor Path: /Game/TopDown/Maps/TopDownMap.TopDownMap:PersistentLevel.Agent_C_UAID_BCE92F7FD37382E001_2068382584
 |- Actor Package: /Game/__ExternalActors__/TopDown/Maps/TopDownMap/2/U7/AWG2M5DTPIO8N3YDMLTSKK
 |- Actor Path: /Game/TopDown/Maps/TopDownMap.TopDownMap:PersistentLevel.BP_TopDownCharacter_C_UAID_BCE92F7FD37383E001_1488067761
 |- Actor Package: /Game/__ExternalActors__/TopDown/Maps/TopDownMap/5/T0/HBZNIMU43MDA3T80FWYRCJ
 |- Actor Path: /Game/TopDown/Maps/TopDownMap.TopDownMap:PersistentLevel.Brush_0
 |- Actor Package: /Game/TopDown/Maps/TopDownMap
 |- Actor Path: /Game/TopDown/Maps/TopDownMap.TopDownMap:PersistentLevel.DefaultPhysicsVolume_0
 |- Actor Package: /Game/TopDown/Maps/TopDownMap
 |- Actor Path: /Game/TopDown/Maps/TopDownMap.TopDownMap:PersistentLevel.DirectionalLight_1
 |- Actor Package: /Game/__ExternalActors__/TopDown/Maps/TopDownMap/A/LM/VRK8UAZR3J2TAKS74SHCUD
 |- Actor Path: /Game/TopDown/Maps/TopDownMap.TopDownMap:PersistentLevel.ExponentialHeightFog_1
 |- Actor Package: /Game/__ExternalActors__/TopDown/Maps/TopDownMap/6/BO/BYV4KSLUROOOL33DU1XUWQ
 |- Actor Path: /Game/TopDown/Maps/TopDownMap.TopDownMap:PersistentLevel.GameplayDebuggerPlayerManager_0
 |- Actor Package: /Game/TopDown/Maps/TopDownMap
 |- Actor Path: /Game/TopDown/Maps/TopDownMap.TopDownMap:PersistentLevel.NavMeshBoundsVolume_1
 |- Actor Package: /Game/__ExternalActors__/TopDown/Maps/TopDownMap/0/QS/8AKCSH4RXXQHHQMCR8GO6C
 |- Actor Path: /Game/TopDown/Maps/TopDownMap.TopDownMap:PersistentLevel.PostProcessVolume_1
 |- Actor Package: /Game/__ExternalActors__/TopDown/Maps/TopDownMap/6/VI/ESHAVRHFZFA2JDR9ZAQIOE
 |- Actor Path: /Game/TopDown/Maps/TopDownMap.TopDownMap:PersistentLevel.RecastNavMesh-Default
 |- Actor Package: /Game/TopDown/Maps/TopDownMap
 |- Actor Path: /Game/TopDown/Maps/TopDownMap.TopDownMap:PersistentLevel.SkyAtmosphere_1
 |- Actor Package: /Game/__ExternalActors__/TopDown/Maps/TopDownMap/5/YN/TCNGOWDVRBFBJ5YZR7VI7S
 |- Actor Path: /Game/TopDown/Maps/TopDownMap.TopDownMap:PersistentLevel.SkyLight_1
 |- Actor Package: /Game/__ExternalActors__/TopDown/Maps/TopDownMap/E/LR/47NTFRDFK6M7265A1UYTOW
 |- Actor Path: /Game/TopDown/Maps/TopDownMap.TopDownMap:PersistentLevel.StaticMeshActor_34
 |- Actor Package: /Game/__ExternalActors__/TopDown/Maps/TopDownMap/7/WV/FF6LPDZ0FKKLS0GFFG7RY1
 |- Actor Path: /Game/TopDown/Maps/TopDownMap.TopDownMap:PersistentLevel.StaticMeshActor_35
 |- Actor Package: /Game/__ExternalActors__/TopDown/Maps/TopDownMap/B/AX/QD7MAQAIBJ16OYN5ZXXIUV
 |- Actor Path: /Game/TopDown/Maps/TopDownMap.TopDownMap:PersistentLevel.StaticMeshActor_36
 |- Actor Package: /Game/__ExternalActors__/TopDown/Maps/TopDownMap/8/R7/0I68M8T0K5GQDUX5H3A9IO
 |- Actor Path: /Game/TopDown/Maps/TopDownMap.TopDownMap:PersistentLevel.StaticMeshActor_39
 |- Actor Package: /Game/__ExternalActors__/TopDown/Maps/TopDownMap/5/LH/V6N3G2I7QT53NAD6H1AD04
 |- Actor Path: /Game/TopDown/Maps/TopDownMap.TopDownMap:PersistentLevel.StaticMeshActor_40
 |- Actor Package: /Game/__ExternalActors__/TopDown/Maps/TopDownMap/B/PL/MYXGV0RBWT3ZBX00KVP1IE
 |- Actor Path: /Game/TopDown/Maps/TopDownMap.TopDownMap:PersistentLevel.StaticMeshActor_UAID_A4AE111137DC5CFB00_1546167071
 |- Actor Package: /Game/__ExternalActors__/TopDown/Maps/TopDownMap/4/OB/UE797FL8JPMDZ27UFM0IFO
 |- Actor Path: /Game/TopDown/Maps/TopDownMap.TopDownMap:PersistentLevel.TextRenderActor_1
 |- Actor Package: /Game/__ExternalActors__/TopDown/Maps/TopDownMap/3/JQ/O3BQ2TUN2VQCVCL5OA4W7F
 |- Actor Path: /Game/TopDown/Maps/TopDownMap.TopDownMap:PersistentLevel.TopDownExampleMap_C_0
 |- Actor Package: /Game/TopDown/Maps/TopDownMap
 |- Actor Path: /Game/TopDown/Maps/TopDownMap.TopDownMap:PersistentLevel.VolumetricCloud_1
 |- Actor Package: /Game/__ExternalActors__/TopDown/Maps/TopDownMap/E/SW/R38LZ3VU1OWS6QBVEOT0MO
 |- Actor Path: /Game/TopDown/Maps/TopDownMap.TopDownMap:PersistentLevel.WorldDataLayers
 |- Actor Package: /Game/__ExternalActors__/TopDown/Maps/TopDownMap/A/RN/FHX05LPSBNMAJG3SW97PS7
 |- Actor Path: /Game/TopDown/Maps/TopDownMap.TopDownMap:PersistentLevel.WorldInfo_0
 |- Actor Package: /Game/TopDown/Maps/TopDownMap
 |- Actor Path: /Game/TopDown/Maps/TopDownMap.TopDownMap:PersistentLevel.WorldPartitionMiniMap_0
 |- Actor Package: /Game/__ExternalActors__/TopDown/Maps/TopDownMap/8/YS/FOXTUL6MPN05XEWRDRZ58J

----------------------------------------------------------------------------------------------------------------
TopDownMap - Runtime Spatial Hash - Streaming Grid - MainGrid
----------------------------------------------------------------------------------------------------------------
            Origin: X=0.000 Y=0.000 Z=0.000
         Cell Size: 12800
      World Bounds: IsValid=false, Min=(X=0.000 Y=0.000 Z=0.000), Max=(X=0.000 Y=0.000 Z=0.000)
     Loading Range: 25600.00
Block Slow Loading: No
 ClientOnlyVisible: No
            Origin: X=0.000 Y=0.000 Z=0.000

[+] Grid Levels: 1
 |- Level  0: Cell Count    0 | Cell Size   12800 | Actor Count    0 (0.0%)

[+] Content of Grid Level 0

